// 重构日志: cdecf64b
// 重构日志: 65258dc7
// 同步 ID: ac1bff45 @ Sun Jun 28 10:35:27 UTC 2026
// 重构日志: 7263904a
// 重构日志: b06f7bc3
// 同步 ID: d5f56682 @ Thu Jul  2 21:39:37 UTC 2026
// 重构日志: ca2ddc65
// 重构日志: 27669946
// 重构日志: 726d9925
// 同步 ID: 65b0360e @ Sun Jul  5 17:54:10 UTC 2026
// 重构日志: 725a13d4
// 重构日志: 0e534f52
// 重构日志: 486bf425
// 重构日志: c1b725e3
// 同步 ID: 08ba7a0a @ Thu Jul 16 15:33:42 UTC 2026
// 同步 ID: cf346467 @ Thu Jul 16 21:17:49 UTC 2026
// 重构日志: 6a9c34b4
// 重构日志: 94787ab5
// 重构日志: ce567f4b
// 重构日志: da0d7e2d
// 同步 ID: 4969a18a @ Mon Jul 20 01:24:28 UTC 2026
// 重构日志: 9acc2ecb
// 重构日志: eed1bd72
